  Determining projects to restore...
  All projects are up-to-date for restore.
C:\Users\xande\src\Webhooks\AcmeIntegration\Models\WebhookEvent.cs(8,23): warning CS8618: Non-nullable property 'EventId' must contain a non-null value when exiting constructor. Consider adding the 'required' modifier or declaring the property as nullable. [C:\Users\xande\src\Webhooks\AcmeIntegration\AcmeIntegration.csproj]
C:\Users\xande\src\Webhooks\AcmeIntegration\Models\WebhookEvent.cs(9,23): warning CS8618: Non-nullable property 'EventType' must contain a non-null value when exiting constructor. Consider adding the 'required' modifier or declaring the property as nullable. [C:\Users\xande\src\Webhooks\AcmeIntegration\AcmeIntegration.csproj]
C:\Users\xande\src\Webhooks\AcmeIntegration\Models\WebhookEvent.cs(12,23): warning CS8618: Non-nullable property 'SourceSystem' must contain a non-null value when exiting constructor. Consider adding the 'required' modifier or declaring the property as nullable. [C:\Users\xande\src\Webhooks\AcmeIntegration\AcmeIntegration.csproj]
C:\Users\xande\src\Webhooks\AcmeIntegration\Models\WebhookEvent.cs(15,23): warning CS8618: Non-nullable property 'ExternalOrderId' must contain a non-null value when exiting constructor. Consider adding the 'required' modifier or declaring the property as nullable. [C:\Users\xande\src\Webhooks\AcmeIntegration\AcmeIntegration.csproj]
C:\Users\xande\src\Webhooks\AcmeIntegration\Models\AcmeApiModels.cs(6,23): warning CS8618: Non-nullable property 'ExternalOrderId' must contain a non-null value when exiting constructor. Consider adding the 'required' modifier or declaring the property as nullable. [C:\Users\xande\src\Webhooks\AcmeIntegration\AcmeIntegration.csproj]
C:\Users\xande\src\Webhooks\AcmeIntegration\Models\AcmeApiModels.cs(7,23): warning CS8618: Non-nullable property 'OrderNumber' must contain a non-null value when exiting constructor. Consider adding the 'required' modifier or declaring the property as nullable. [C:\Users\xande\src\Webhooks\AcmeIntegration\AcmeIntegration.csproj]
C:\Users\xande\src\Webhooks\AcmeIntegration\Models\Order.cs(22,23): warning CS8618: Non-nullable property 'Sku' must contain a non-null value when exiting constructor. Consider adding the 'required' modifier or declaring the property as nullable. [C:\Users\xande\src\Webhooks\AcmeIntegration\AcmeIntegration.csproj]
C:\Users\xande\src\Webhooks\AcmeIntegration\Models\AcmeApiModels.cs(17,23): warning CS8618: Non-nullable property 'Sku' must contain a non-null value when exiting constructor. Consider adding the 'required' modifier or declaring the property as nullable. [C:\Users\xande\src\Webhooks\AcmeIntegration\AcmeIntegration.csproj]
C:\Users\xande\src\Webhooks\AcmeIntegration\Models\Order.cs(6,23): warning CS8618: Non-nullable property 'SourceSystem' must contain a non-null value when exiting constructor. Consider adding the 'required' modifier or declaring the property as nullable. [C:\Users\xande\src\Webhooks\AcmeIntegration\AcmeIntegration.csproj]
C:\Users\xande\src\Webhooks\AcmeIntegration\Models\Order.cs(7,23): warning CS8618: Non-nullable property 'ExternalOrderId' must contain a non-null value when exiting constructor. Consider adding the 'required' modifier or declaring the property as nullable. [C:\Users\xande\src\Webhooks\AcmeIntegration\AcmeIntegration.csproj]
C:\Users\xande\src\Webhooks\AcmeIntegration\Models\Order.cs(8,23): warning CS8618: Non-nullable property 'OrderNumber' must contain a non-null value when exiting constructor. Consider adding the 'required' modifier or declaring the property as nullable. [C:\Users\xande\src\Webhooks\AcmeIntegration\AcmeIntegration.csproj]
C:\Users\xande\src\Webhooks\AcmeIntegration\Models\Order.cs(10,23): warning CS8618: Non-nullable property 'Currency' must contain a non-null value when exiting constructor. Consider adding the 'required' modifier or declaring the property as nullable. [C:\Users\xande\src\Webhooks\AcmeIntegration\AcmeIntegration.csproj]
C:\Users\xande\src\Webhooks\AcmeIntegration\Models\Order.cs(11,23): warning CS8618: Non-nullable property 'Status' must contain a non-null value when exiting constructor. Consider adding the 'required' modifier or declaring the property as nullable. [C:\Users\xande\src\Webhooks\AcmeIntegration\AcmeIntegration.csproj]
C:\Users\xande\src\Webhooks\AcmeIntegration\Workers\WebhookProcessorWorker.cs(24,76): error CS0246: The type or namespace name 'AppDbContext' could not be found (are you missing a using directive or an assembly reference?) [C:\Users\xande\src\Webhooks\AcmeIntegration\AcmeIntegration.csproj]
C:\Users\xande\src\Webhooks\AcmeIntegration\Program.cs(14,32): error CS0246: The type or namespace name 'AcmeApiService' could not be found (are you missing a using directive or an assembly reference?) [C:\Users\xande\src\Webhooks\AcmeIntegration\AcmeIntegration.csproj]
C:\Users\xande\src\Webhooks\AcmeIntegration\Program.cs(15,35): error CS0246: The type or namespace name 'WebhookProcessorWorker' could not be found (are you missing a using directive or an assembly reference?) [C:\Users\xande\src\Webhooks\AcmeIntegration\AcmeIntegration.csproj]

Build FAILED.

C:\Users\xande\src\Webhooks\AcmeIntegration\Models\WebhookEvent.cs(8,23): warning CS8618: Non-nullable property 'EventId' must contain a non-null value when exiting constructor. Consider adding the 'required' modifier or declaring the property as nullable. [C:\Users\xande\src\Webhooks\AcmeIntegration\AcmeIntegration.csproj]
C:\Users\xande\src\Webhooks\AcmeIntegration\Models\WebhookEvent.cs(9,23): warning CS8618: Non-nullable property 'EventType' must contain a non-null value when exiting constructor. Consider adding the 'required' modifier or declaring the property as nullable. [C:\Users\xande\src\Webhooks\AcmeIntegration\AcmeIntegration.csproj]
C:\Users\xande\src\Webhooks\AcmeIntegration\Models\WebhookEvent.cs(12,23): warning CS8618: Non-nullable property 'SourceSystem' must contain a non-null value when exiting constructor. Consider adding the 'required' modifier or declaring the property as nullable. [C:\Users\xande\src\Webhooks\AcmeIntegration\AcmeIntegration.csproj]
C:\Users\xande\src\Webhooks\AcmeIntegration\Models\WebhookEvent.cs(15,23): warning CS8618: Non-nullable property 'ExternalOrderId' must contain a non-null value when exiting constructor. Consider adding the 'required' modifier or declaring the property as nullable. [C:\Users\xande\src\Webhooks\AcmeIntegration\AcmeIntegration.csproj]
C:\Users\xande\src\Webhooks\AcmeIntegration\Models\AcmeApiModels.cs(6,23): warning CS8618: Non-nullable property 'ExternalOrderId' must contain a non-null value when exiting constructor. Consider adding the 'required' modifier or declaring the property as nullable. [C:\Users\xande\src\Webhooks\AcmeIntegration\AcmeIntegration.csproj]
C:\Users\xande\src\Webhooks\AcmeIntegration\Models\AcmeApiModels.cs(7,23): warning CS8618: Non-nullable property 'OrderNumber' must contain a non-null value when exiting constructor. Consider adding the 'required' modifier or declaring the property as nullable. [C:\Users\xande\src\Webhooks\AcmeIntegration\AcmeIntegration.csproj]
C:\Users\xande\src\Webhooks\AcmeIntegration\Models\Order.cs(22,23): warning CS8618: Non-nullable property 'Sku' must contain a non-null value when exiting constructor. Consider adding the 'required' modifier or declaring the property as nullable. [C:\Users\xande\src\Webhooks\AcmeIntegration\AcmeIntegration.csproj]
C:\Users\xande\src\Webhooks\AcmeIntegration\Models\AcmeApiModels.cs(17,23): warning CS8618: Non-nullable property 'Sku' must contain a non-null value when exiting constructor. Consider adding the 'required' modifier or declaring the property as nullable. [C:\Users\xande\src\Webhooks\AcmeIntegration\AcmeIntegration.csproj]
C:\Users\xande\src\Webhooks\AcmeIntegration\Models\Order.cs(6,23): warning CS8618: Non-nullable property 'SourceSystem' must contain a non-null value when exiting constructor. Consider adding the 'required' modifier or declaring the property as nullable. [C:\Users\xande\src\Webhooks\AcmeIntegration\AcmeIntegration.csproj]
C:\Users\xande\src\Webhooks\AcmeIntegration\Models\Order.cs(7,23): warning CS8618: Non-nullable property 'ExternalOrderId' must contain a non-null value when exiting constructor. Consider adding the 'required' modifier or declaring the property as nullable. [C:\Users\xande\src\Webhooks\AcmeIntegration\AcmeIntegration.csproj]
C:\Users\xande\src\Webhooks\AcmeIntegration\Models\Order.cs(8,23): warning CS8618: Non-nullable property 'OrderNumber' must contain a non-null value when exiting constructor. Consider adding the 'required' modifier or declaring the property as nullable. [C:\Users\xande\src\Webhooks\AcmeIntegration\AcmeIntegration.csproj]
C:\Users\xande\src\Webhooks\AcmeIntegration\Models\Order.cs(10,23): warning CS8618: Non-nullable property 'Currency' must contain a non-null value when exiting constructor. Consider adding the 'required' modifier or declaring the property as nullable. [C:\Users\xande\src\Webhooks\AcmeIntegration\AcmeIntegration.csproj]
C:\Users\xande\src\Webhooks\AcmeIntegration\Models\Order.cs(11,23): warning CS8618: Non-nullable property 'Status' must contain a non-null value when exiting constructor. Consider adding the 'required' modifier or declaring the property as nullable. [C:\Users\xande\src\Webhooks\AcmeIntegration\AcmeIntegration.csproj]
C:\Users\xande\src\Webhooks\AcmeIntegration\Workers\WebhookProcessorWorker.cs(24,76): error CS0246: The type or namespace name 'AppDbContext' could not be found (are you missing a using directive or an assembly reference?) [C:\Users\xande\src\Webhooks\AcmeIntegration\AcmeIntegration.csproj]
C:\Users\xande\src\Webhooks\AcmeIntegration\Program.cs(14,32): error CS0246: The type or namespace name 'AcmeApiService' could not be found (are you missing a using directive or an assembly reference?) [C:\Users\xande\src\Webhooks\AcmeIntegration\AcmeIntegration.csproj]
C:\Users\xande\src\Webhooks\AcmeIntegration\Program.cs(15,35): error CS0246: The type or namespace name 'WebhookProcessorWorker' could not be found (are you missing a using directive or an assembly reference?) [C:\Users\xande\src\Webhooks\AcmeIntegration\AcmeIntegration.csproj]
    13 Warning(s)
    3 Error(s)

Time Elapsed 00:00:01.47
