  Determining projects to restore...
  All projects are up-to-date for restore.
C:\Users\xande\src\Webhooks\AcmeIntegration\Workers\WebhookProcessorWorker.cs(1,1): error CS8802: Only one compilation unit can have top-level statements. [C:\Users\xande\src\Webhooks\AcmeIntegration\AcmeIntegration.csproj]
C:\Users\xande\src\Webhooks\AcmeIntegration\Services\AcmeApiService.cs(15,27): error CS0246: The type or namespace name 'AcmeOrderResponse' could not be found (are you missing a using directive or an assembly reference?) [C:\Users\xande\src\Webhooks\AcmeIntegration\AcmeIntegration.csproj]

Build FAILED.

C:\Users\xande\src\Webhooks\AcmeIntegration\Workers\WebhookProcessorWorker.cs(1,1): error CS8802: Only one compilation unit can have top-level statements. [C:\Users\xande\src\Webhooks\AcmeIntegration\AcmeIntegration.csproj]
C:\Users\xande\src\Webhooks\AcmeIntegration\Services\AcmeApiService.cs(15,27): error CS0246: The type or namespace name 'AcmeOrderResponse' could not be found (are you missing a using directive or an assembly reference?) [C:\Users\xande\src\Webhooks\AcmeIntegration\AcmeIntegration.csproj]
    0 Warning(s)
    2 Error(s)

Time Elapsed 00:00:01.40
